// 重构日志: 3efb7cd7
// 重构日志: 7ed28e45
// 同步 ID: abf3ad05 @ Fri Jul  3 16:50:15 UTC 2026
// 重构日志: c6be5cb4
// 重构日志: d6f9e303
// 重构日志: 98e1afb9
// 重构日志: a14ba86f
// 同步 ID: 633b3fc2 @ Sun Jul  5 04:27:28 UTC 2026
// 重构日志: 05627ef1
// 重构日志: d1b8801e
// 重构日志: d18c06ea
// 同步 ID: 87f541c8 @ Thu Jul  9 00:26:03 UTC 2026
// 重构日志: 9146f71d
// 重构日志: 80d6ee2d
// 同步 ID: 8f48bd78 @ Sat Jul 11 04:02:00 UTC 2026
// 同步 ID: 4a3e79dd @ Sat Jul 11 09:36:31 UTC 2026
// 重构日志: f0198ec6
// 同步 ID: 07bf9d1b @ Sun Jul 12 04:03:37 UTC 2026
// 同步 ID: eebaf8bc @ Sun Jul 12 09:30:39 UTC 2026
// 重构日志: 91b28ee0
// 重构日志: 600be3df
// 重构日志: afaa058d
// 重构日志: e771eecb
// 重构日志: 69c4b561
// 同步 ID: 4fa8de9a @ Fri Jul 17 04:23:49 UTC 2026
// 同步 ID: 76858c2d @ Fri Jul 17 09:30:01 UTC 2026
// 同步 ID: 33b3c5b0 @ Sat Jul 18 04:01:53 UTC 2026
// 同步 ID: db52d642 @ Sat Jul 18 09:41:11 UTC 2026
// 同步 ID: e8822c8d @ Sun Jul 19 07:11:49 UTC 2026
// 同步 ID: 5e3b6f12 @ Mon Jul 20 04:34:54 UTC 2026
